Library/Bee/Android/Prj/IL2CPP/Gradle/unityLibrary/build/intermediates/manifest_merge_blame_file/release/manifest-merger-blame-release-report.txt
1<?xml version="1.0" encoding="utf-8"?>
2<manifest xmlns:android="http://schemas.android.com/apk/res/android"
3    xmlns:tools="http://schemas.android.com/tools"
4    package="com.unity3d.player"
5    android:versionCode="1"
6    android:versionName="0.1" >
7
8    <uses-sdk
9        android:minSdkVersion="22"
9-->src/main/AndroidManifest.xml
10        android:targetSdkVersion="30" />
10-->src/main/AndroidManifest.xml
11
12    <uses-feature android:glEsVersion="0x00030000" />
12-->src/main/AndroidManifest.xml:19:3-52
12-->src/main/AndroidManifest.xml:19:17-49
13    <uses-feature
13-->src/main/AndroidManifest.xml:20:3-91
14        android:name="android.hardware.vulkan.version"
14-->src/main/AndroidManifest.xml:20:17-63
15        android:required="false" />
15-->src/main/AndroidManifest.xml:20:64-88
16
17    <uses-permission android:name="android.permission.INTERNET" />
17-->src/main/AndroidManifest.xml:21:3-65
17-->src/main/AndroidManifest.xml:21:20-62
18    <uses-permission android:name="android.permission.CAMERA" />
18-->src/main/AndroidManifest.xml:22:3-63
18-->src/main/AndroidManifest.xml:22:20-60
19
20    <uses-feature
20-->src/main/AndroidManifest.xml:23:3-83
21        android:name="android.hardware.camera"
21-->src/main/AndroidManifest.xml:23:17-55
22        android:required="false" />
22-->src/main/AndroidManifest.xml:23:56-80
23    <uses-feature
23-->src/main/AndroidManifest.xml:24:3-93
24        android:name="android.hardware.camera.autofocus"
24-->src/main/AndroidManifest.xml:24:17-65
25        android:required="false" />
25-->src/main/AndroidManifest.xml:24:66-90
26    <uses-feature
26-->src/main/AndroidManifest.xml:25:3-89
27        android:name="android.hardware.camera.front"
27-->src/main/AndroidManifest.xml:25:17-61
28        android:required="false" />
28-->src/main/AndroidManifest.xml:25:62-86
29
30    <uses-permission android:name="android.permission.RECORD_AUDIO" />
30-->src/main/AndroidManifest.xml:26:3-69
30-->src/main/AndroidManifest.xml:26:20-66
31    <uses-permission android:name="android.permission.MODIFY_AUDIO_SETTINGS" />
31-->src/main/AndroidManifest.xml:27:3-78
31-->src/main/AndroidManifest.xml:27:20-75
32    <uses-permission android:name="android.permission.BLUETOOTH" />
32-->src/main/AndroidManifest.xml:28:3-66
32-->src/main/AndroidManifest.xml:28:20-63
33
34    <uses-feature
34-->src/main/AndroidManifest.xml:29:3-87
35        android:name="android.hardware.microphone"
35-->src/main/AndroidManifest.xml:29:17-59
36        android:required="false" />
36-->src/main/AndroidManifest.xml:29:60-84
37    <uses-feature
37-->src/main/AndroidManifest.xml:30:3-88
38        android:name="android.hardware.touchscreen"
38-->src/main/AndroidManifest.xml:30:17-60
39        android:required="false" />
39-->src/main/AndroidManifest.xml:30:61-85
40    <uses-feature
40-->src/main/AndroidManifest.xml:31:3-99
41        android:name="android.hardware.touchscreen.multitouch"
41-->src/main/AndroidManifest.xml:31:17-71
42        android:required="false" />
42-->src/main/AndroidManifest.xml:31:72-96
43    <uses-feature
43-->src/main/AndroidManifest.xml:32:3-108
44        android:name="android.hardware.touchscreen.multitouch.distinct"
44-->src/main/AndroidManifest.xml:32:17-80
45        android:required="false" />
45-->src/main/AndroidManifest.xml:32:81-105
46
47    <application android:extractNativeLibs="true" >
47-->src/main/AndroidManifest.xml:3:3-18:17
47-->src/main/AndroidManifest.xml:3:16-48
48        <activity
48-->src/main/AndroidManifest.xml:4:5-11:16
49            android:name="com.unity3d.player.UnityPlayerActivity"
49-->src/main/AndroidManifest.xml:4:15-68
50            android:configChanges="mcc|mnc|locale|touchscreen|keyboard|keyboardHidden|navigation|orientation|screenLayout|uiMode|screenSize|smallestScreenSize|fontScale|layoutDirection|density"
50-->src/main/AndroidManifest.xml:4:180-361
51            android:hardwareAccelerated="false"
51-->src/main/AndroidManifest.xml:4:397-432
52            android:launchMode="singleTask"
52-->src/main/AndroidManifest.xml:4:148-179
53            android:resizeableActivity="false"
53-->src/main/AndroidManifest.xml:4:362-396
54            android:screenOrientation="fullUser"
54-->src/main/AndroidManifest.xml:4:111-147
55            android:theme="@style/UnityThemeSelector" >
55-->src/main/AndroidManifest.xml:4:69-110
56            <intent-filter>
56-->src/main/AndroidManifest.xml:5:7-8:23
57                <action android:name="android.intent.action.MAIN" />
57-->src/main/AndroidManifest.xml:6:9-61
57-->src/main/AndroidManifest.xml:6:17-58
58
59                <category android:name="android.intent.category.LAUNCHER" />
59-->src/main/AndroidManifest.xml:7:9-69
59-->src/main/AndroidManifest.xml:7:19-66
60            </intent-filter>
61
62            <meta-data
62-->src/main/AndroidManifest.xml:9:7-82
63                android:name="unityplayer.UnityActivity"
63-->src/main/AndroidManifest.xml:9:18-58
64                android:value="true" />
64-->src/main/AndroidManifest.xml:9:59-79
65            <meta-data
65-->src/main/AndroidManifest.xml:10:7-78
66                android:name="android.notch_support"
66-->src/main/AndroidManifest.xml:10:18-54
67                android:value="true" />
67-->src/main/AndroidManifest.xml:10:55-75
68        </activity>
69
70        <meta-data
70-->src/main/AndroidManifest.xml:12:5-69
71            android:name="unity.splash-mode"
71-->src/main/AndroidManifest.xml:12:16-48
72            android:value="0" />
72-->src/main/AndroidManifest.xml:12:49-66
73        <meta-data
73-->src/main/AndroidManifest.xml:13:5-74
74            android:name="unity.splash-enable"
74-->src/main/AndroidManifest.xml:13:16-50
75            android:value="True" />
75-->src/main/AndroidManifest.xml:13:51-71
76        <meta-data
76-->src/main/AndroidManifest.xml:14:5-78
77            android:name="unity.launch-fullscreen"
77-->src/main/AndroidManifest.xml:14:16-54
78            android:value="True" />
78-->src/main/AndroidManifest.xml:14:55-75
79        <meta-data
79-->src/main/AndroidManifest.xml:15:5-84
80            android:name="unity.allow-resizable-window"
80-->src/main/AndroidManifest.xml:15:16-59
81            android:value="False" />
81-->src/main/AndroidManifest.xml:15:60-81
82        <meta-data
82-->src/main/AndroidManifest.xml:16:5-81
83            android:name="notch.config"
83-->src/main/AndroidManifest.xml:16:16-43
84            android:value="portrait|landscape" />
84-->src/main/AndroidManifest.xml:16:44-78
85        <meta-data
85-->src/main/AndroidManifest.xml:17:5-84
86            android:name="unity.auto-report-fully-drawn"
86-->src/main/AndroidManifest.xml:17:16-60
87            android:value="true" />
87-->src/main/AndroidManifest.xml:17:61-81
88    </application>
89
90</manifest>